2022-10-25 07:29:53,101 INFO  [LoggerExample] test started 
2022-10-25 07:31:34,906 INFO  [LoggerExample] test started 
2022-10-25 08:25:25,949 INFO  [TestBase] Test started... 
2022-10-25 08:25:25,949 INFO  [TestBase] **************************************************************************************** 
2022-10-25 08:25:25,949 INFO  [TestBase] **************************************************************************************** 
2022-10-25 08:25:25,953 INFO  [TestBase] $$$$$$$$$$$$$$$$$$$$$                 org.testng.annotations.Test       $$$$$$$$$$$$$$$$$$$$$$$$$ 
2022-10-25 08:25:25,954 INFO  [TestBase] **************************************************************************************** 
2022-10-25 08:25:25,954 INFO  [TestBase] **************************************************************************************** 
2022-10-25 08:25:32,228 INFO  [TestBase] Test finished... 
2022-10-25 08:28:51,087 INFO  [TestBase] Test started... 
2022-10-25 08:28:57,047 INFO  [TestBase] Test finished... 
2022-10-25 09:00:11,768 INFO  [RootLogger] Test started... 
2022-10-25 09:00:14,211 INFO  [RootLogger] Test finished... 
2022-10-25 09:00:40,548 INFO  [TestBase] Test started... 
2022-10-25 09:00:42,931 INFO  [TestBase] Test finished... 
2022-10-25 09:01:43,743 INFO  [Class] Test started... 
2022-10-25 09:01:46,325 INFO  [Class] Test finished... 
2022-10-25 09:02:20,492 INFO  [Main] Test started... 
2022-10-25 09:02:22,995 INFO  [Main] Test finished... 
2022-10-25 09:03:49,229 INFO  [root] Test started... 
2022-10-25 09:03:51,613 INFO  [Main] Test finished... 
2022-10-25 09:04:22,701 INFO  [root] Test started... 
2022-10-25 09:04:25,476 INFO  [Main] Test finished... 
2022-10-25 09:31:50,996 INFO  [TestBase] Test started... 
2022-10-25 09:32:07,252 INFO  [TestBase] driver is closed and Test finished... 
2022-10-25 09:48:55,352 INFO  [TestBase] Test started... 
2022-10-25 09:48:55,457 INFO  [TestBase] driver is closed and Test finished... 
2022-10-25 10:11:04,055 INFO  [TestBase] Test started... 
2022-10-25 10:11:20,335 INFO  [TestBase] driver is closed and Test finished... 
2022-10-25 10:25:14,299 INFO  [TestBase] Tests is starting!... 
2022-10-25 10:25:14,400 INFO  [TestBase] Tests are ending! 
2022-10-25 11:20:07,715 INFO  [LogUtility] Tests is starting!... 
2022-10-25 11:20:28,976 INFO  [LogUtility] Tests are ending! 
2022-10-25 11:25:10,863 INFO  [LogUtility] Welcome to my framework Tests is starting!... 
2022-10-25 11:25:32,198 INFO  [LogUtility] Tests are ending! Hopefully we will see each other again... 
2022-10-25 11:26:15,097 INFO  [LogUtility] Welcome to my framework Tests is starting!... 
2022-10-25 11:27:29,269 INFO  [LogUtility] Welcome to my framework Tests is starting!... 
2022-10-25 11:27:50,932 INFO  [LogUtility] Tests are ending! Hopefully we will see each other again... 
2022-10-25 11:28:11,154 INFO  [LogUtility] Tests are ending! Hopefully we will see each other again... 
2022-10-25 11:28:54,047 INFO  [LogUtility] Welcome to my framework Tests is starting!... 
2022-10-25 11:28:59,438 INFO  [LogUtility] Tests are ending! Hopefully we will see each other again... 
2022-10-25 11:29:04,217 INFO  [LogUtility] Tests are ending! Hopefully we will see each other again... 
2022-10-25 11:33:33,169 INFO  [LogUtility] Welcome to my framework Tests is starting!... 
2022-10-25 11:33:39,001 INFO  [LogUtility] tearDownfinishing 
2022-10-25 11:33:39,002 INFO  [LogUtility] Tests are ending! Hopefully we will see each other again... 
2022-10-25 11:34:18,932 INFO  [LogUtility] Welcome to my framework Tests is starting!... 
2022-10-25 11:34:24,826 INFO  [LogUtility] tearDown---finishing 
2022-10-25 11:34:29,292 INFO  [LogUtility] tearDown---finishing 
2022-10-25 11:34:29,293 INFO  [LogUtility] Tests are ending! Hopefully we will see each other again... 
2022-10-25 11:36:47,587 INFO  [LogUtility] Welcome to my framework Tests is starting!... 
2022-10-25 11:36:47,597 INFO  [LogUtility] setupMethod: new case is starting 
2022-10-25 11:36:53,176 INFO  [LogUtility] tearDown: end of this case 
2022-10-25 11:36:53,176 INFO  [LogUtility] setupMethod: new case is starting 
2022-10-25 11:36:57,499 INFO  [LogUtility] tearDown: end of this case 
2022-10-25 11:36:57,500 INFO  [LogUtility] Tests are ending! Hopefully we will see each other again... 
2022-10-25 11:38:06,328 INFO  [LogUtility] Welcome to my framework Tests is starting!... 
2022-10-25 11:38:06,338 INFO  [LogUtility] setupMethod: new case is starting 
2022-10-25 11:38:11,954 INFO  [LogUtility] tearDown: end of this case 
2022-10-25 11:38:11,955 INFO  [LogUtility] setupMethod: new case is starting 
2022-10-25 11:38:16,660 INFO  [LogUtility] tearDown: end of this case 
2022-10-25 11:38:16,661 INFO  [LogUtility] Tests are ending! Hopefully we will see each other again... 
2022-10-25 11:39:31,310 INFO  [LogUtility] Welcome to my framework Tests is starting!... 
2022-10-25 11:39:31,319 INFO  [LogUtility] setupMethod: new case is starting 
2022-10-25 11:39:37,146 INFO  [LogUtility] tearDown: end of this case 
2022-10-25 11:39:37,147 INFO  [LogUtility] Tests are ending! Hopefully we will see each other again... 
2022-10-25 11:54:58,036 INFO  [LogUtility] Welcome to my framework Tests is starting!... 
2022-10-25 11:54:58,046 INFO  [LogUtility] setupMethod: new case is starting 
2022-10-25 11:55:04,121 INFO  [LogUtility] tearDown: end of this case 
2022-10-25 11:55:04,122 INFO  [LogUtility] Tests are ending! Hopefully we will see each other again... 
2022-10-25 13:14:52,042 INFO  [LogUtility] Welcome to my framework Tests is starting!... 
2022-10-25 13:14:52,050 INFO  [LogUtility] setupMethod: new case is starting 
2022-10-25 13:14:57,248 INFO  [LogUtility] Test11 execution has started... 
2022-10-25 13:14:57,868 INFO  [LogUtility] tearDown: end of this case 
2022-10-25 13:14:57,869 INFO  [LogUtility] setupMethod: new case is starting 
2022-10-25 13:15:02,909 INFO  [LogUtility] tearDown: end of this case 
2022-10-25 13:15:02,909 INFO  [LogUtility] Tests are ending! Hopefully we will see each other again... 
2022-10-25 13:21:40,183 INFO  [LogUtility] Welcome to my framework Tests is starting!... 
2022-10-25 13:21:40,193 INFO  [LogUtility] setupMethod: new case is starting 
2022-10-25 13:21:45,591 INFO  [LogUtility] Test11 execution has started... 
2022-10-25 13:21:46,216 INFO  [LogUtility] tearDown: end of this case 
2022-10-25 13:21:46,217 INFO  [LogUtility] setupMethod: new case is starting 
2022-10-25 13:21:50,961 INFO  [LogUtility] tearDown: end of this case 
2022-10-25 13:21:50,962 INFO  [LogUtility] Tests are ending! Hopefully we will see each other again... 
2022-10-25 13:29:55,930 INFO  [TestBase] Welcome to my framework Tests is starting!... 
2022-10-25 13:29:55,943 INFO  [TestBase] setupMethod: new case is starting 
2022-10-25 13:30:01,215 INFO  [TestCase_1] Test11 execution has started... 
2022-10-25 13:30:01,825 INFO  [TestBase] tearDown: end of this case 
2022-10-25 13:30:01,826 INFO  [TestBase] setupMethod: new case is starting 
2022-10-25 13:30:06,863 INFO  [TestBase] tearDown: end of this case 
2022-10-25 13:30:06,864 INFO  [TestBase] Tests are ending! Hopefully we will see each other again... 
2022-10-25 13:32:15,903 INFO  [TestBase] Welcome to my framework Tests is starting!... 
2022-10-25 13:32:15,914 INFO  [TestBase] setupMethod: new case is starting 
2022-10-25 13:32:21,106 INFO  [TestCase_1] Test11 execution has started... 
2022-10-25 13:32:21,719 INFO  [TestBase] tearDown: end of this case 
2022-10-25 13:32:21,719 INFO  [TestBase] setupMethod: new case is starting 
2022-10-25 13:32:26,400 INFO  [TestBase] tearDown: end of this case 
2022-10-25 13:32:26,401 INFO  [TestCase_1] Tests are ending! Hopefully we will see each other again... 
2022-10-25 13:35:48,485 INFO  [TestBase] Welcome to my framework Tests is starting!... 
2022-10-25 13:35:48,496 INFO  [TestBase] setupMethod: new case is starting 
2022-10-25 13:35:53,597 INFO  [TestCase_1] Test11 execution has started... 
2022-10-25 13:35:53,599 INFO  [TestCase_1] Other test case --------> 
2022-10-25 13:35:54,216 INFO  [TestBase] tearDown: end of this case 
2022-10-25 13:35:54,217 INFO  [TestBase] setupMethod: new case is starting 
2022-10-25 13:35:58,887 INFO  [TestCase_1] Other test case --------> 
2022-10-25 13:35:59,477 INFO  [TestBase] tearDown: end of this case 
2022-10-25 17:22:57,971 INFO  [TestBase] Welcome to my framework Tests is starting!... 
2022-10-25 17:22:57,983 INFO  [TestBase] setupMethod: new case is starting 
2022-10-25 17:23:04,339 INFO  [TestCase_1] Test1 execution has started... 
2022-10-25 17:23:04,958 INFO  [TestBase] tearDown: end of this case 
2022-10-25 17:23:04,958 INFO  [TestCase_1] TestCase1 is ending! Hopefully we will see each other again... 
2022-10-25 17:32:59,471 INFO  [TestBase] Welcome to my framework Tests is starting!... 
2022-10-25 17:32:59,481 INFO  [TestBase] setupMethod: new case is starting 
2022-10-25 17:33:02,141 INFO  [TestBase] User is landing to home page... 
2022-10-25 17:33:05,219 INFO  [TestCase_1] Test1 execution has started... 
2022-10-25 17:33:05,825 INFO  [TestBase] tearDown: end of this case 
2022-10-25 17:33:05,825 INFO  [TestCase_1] TestCase1 is ending! Hopefully we will see each other again... 
2022-10-25 17:38:16,018 INFO  [TestBase] Welcome to my framework Tests is starting!... 
2022-10-25 17:38:16,028 INFO  [TestBase] setupMethod: new case is starting 
2022-10-25 17:38:18,350 INFO  [TestBase] User is landing to home page... 
2022-10-25 17:38:21,261 INFO  [TestCase_1] Test1 execution has started... 
2022-10-25 17:38:21,267 INFO  [TestBase] tearDown: end of this case 
2022-10-25 17:38:21,268 INFO  [TestCase_1] TestCase1 is ending! Hopefully we will see each other again... 
2022-10-25 17:40:31,318 INFO  [TestBase] Welcome to my framework Tests is starting!... 
2022-10-25 17:40:31,329 INFO  [TestBase] setupMethod: new case is starting 
2022-10-25 17:40:34,014 INFO  [TestBase] User is landing to home page... 
2022-10-25 17:40:37,120 INFO  [TestCase_1] Test1 execution has started... 
2022-10-25 17:40:37,124 INFO  [TestBase] tearDown: end of this case 
2022-10-25 17:40:37,128 INFO  [TestCase_1] TestCase1 is ending! Hopefully we will see each other again... 
2022-10-25 17:43:48,219 INFO  [TestBase] Welcome to my framework Tests is starting!... 
2022-10-25 17:43:48,230 INFO  [TestBase] setupMethod: new case is starting 
2022-10-25 17:43:50,835 INFO  [TestBase] User is landing to home page... 
2022-10-25 17:43:55,529 INFO  [TestCase_1] Test1 execution has started... 
2022-10-25 17:44:01,029 INFO  [TestBase] tearDown: end of this case 
2022-10-25 17:44:01,029 INFO  [TestCase_1] TestCase1 is ending! Hopefully we will see each other again... 
2022-10-25 17:48:44,025 INFO  [TestBase] Welcome to my framework Tests is starting!... 
2022-10-25 17:48:44,034 INFO  [TestBase] setupMethod: new case is starting 
2022-10-25 17:48:46,384 INFO  [TestBase] User is landing to home page... 
2022-10-25 17:48:48,755 INFO  [TestCase_1] Test1 execution has started... 
2022-10-25 17:48:52,267 INFO  [TestBase] tearDown: end of this case 
2022-10-25 17:48:52,268 INFO  [TestCase_1] TestCase1 is ending! Hopefully we will see each other again... 
2022-10-25 17:52:08,204 INFO  [TestBase] Welcome to my framework Tests is starting!... 
2022-10-25 17:52:08,216 INFO  [TestBase] setupMethod: new case is starting 
2022-10-25 17:52:10,801 INFO  [TestBase] User is landing to home page... 
2022-10-25 17:52:14,034 INFO  [TestBase] User is on the home page... 
2022-10-25 17:52:14,035 INFO  [TestCase_1] Test1 execution has started... 
2022-10-25 17:52:17,856 INFO  [TestBase] tearDown: end of this case 
2022-10-25 17:52:17,857 INFO  [TestCase_1] TestCase1 is ending! Hopefully we will see each other again... 
2022-10-25 18:43:11,243 INFO  [TestBase] Welcome to my framework Tests is starting!... 
2022-10-25 18:43:11,255 INFO  [TestBase] setupMethod: new case is starting 
2022-10-25 18:43:14,048 INFO  [TestBase] User is landing to home page... 
2022-10-25 18:43:16,905 INFO  [TestBase] PASSED - User is on the home page... 
2022-10-25 18:43:16,907 INFO  [TestCase_1] Test1 execution has started... 
2022-10-25 18:43:16,907 INFO  [TestCase_1] 1-user hover over "Giris Yap veya uye ol" button 
2022-10-25 18:43:17,303 INFO  [TestCase_1] 2-User clicks to "Giris Yap" option from opened dropdown menu 
2022-10-25 18:43:20,538 INFO  [TestCase_1] 3-User enters email address to input box 
2022-10-25 18:43:20,824 INFO  [TestCase_1] 4-User enters password to input box 
2022-10-25 18:43:26,844 INFO  [TestCase_1] PASSED - User logged in successfully 
2022-10-25 18:43:26,848 INFO  [TestBase] tearDown: end of this case 
2022-10-25 18:43:26,849 INFO  [TestCase_1] TestCase1 is ending! Hopefully we will see each other again... 
2022-10-25 21:40:42,570 INFO  [TestBase] Welcome to my framework Tests is starting!... 
2022-10-25 21:40:42,579 INFO  [TestBase] setupMethod: new case is starting 
2022-10-25 21:40:45,570 INFO  [TestBase] User is landing to home page... 
